<?xml version="1.0" encoding="UTF-8"?>
<testng-results ignored="0" total="13" passed="13" failed="0" skipped="0">
  <reporter-output>
  </reporter-output>
  <suite started-at="2023-06-07T22:52:01 ALMT" name="PetSuite" finished-at="2023-06-07T22:52:22 ALMT" duration-ms="21728">
    <groups>
    </groups>
    <test started-at="2023-06-07T22:52:01 ALMT" name="PetTests" finished-at="2023-06-07T22:52:22 ALMT" duration-ms="21728">
      <class name="api.test.UserTests2">
        <test-method is-config="true" signature="setupMethod()[pri:0, instance:api.test.UserTests2@1c7696c6]" started-at="2023-06-07T22:52:01 ALMT" name="setupMethod" finished-at="2023-06-07T22:52:02 ALMT" duration-ms="982" status="PASS">
          <reporter-output>
          </reporter-output>
        </test-method> <!-- setupMethod -->
        <test-method signature="testPostUser()[pri:1, instance:api.test.UserTests2@1c7696c6]" started-at="2023-06-07T22:52:02 ALMT" name="testPostUser" finished-at="2023-06-07T22:52:07 ALMT" duration-ms="4465" status="PASS">
          <reporter-output>
          </reporter-output>
        </test-method> <!-- testPostUser -->
        <test-method signature="testGetUserByName()[pri:2, instance:api.test.UserTests2@1c7696c6]" started-at="2023-06-07T22:52:07 ALMT" name="testGetUserByName" finished-at="2023-06-07T22:52:08 ALMT" duration-ms="1147" status="PASS">
          <reporter-output>
          </reporter-output>
        </test-method> <!-- testGetUserByName -->
        <test-method signature="testUpdateUserByName()[pri:3, instance:api.test.UserTests2@1c7696c6]" started-at="2023-06-07T22:52:08 ALMT" name="testUpdateUserByName" finished-at="2023-06-07T22:52:10 ALMT" duration-ms="2061" status="PASS">
          <reporter-output>
          </reporter-output>
        </test-method> <!-- testUpdateUserByName -->
        <test-method signature="testDeleteUserByName()[pri:4, instance:api.test.UserTests2@1c7696c6]" started-at="2023-06-07T22:52:10 ALMT" name="testDeleteUserByName" finished-at="2023-06-07T22:52:11 ALMT" duration-ms="1012" status="PASS">
          <reporter-output>
          </reporter-output>
        </test-method> <!-- testDeleteUserByName -->
      </class> <!-- api.test.UserTests2 -->
      <class name="api.test.DDTests">
        <test-method signature="testPostUser(java.lang.String,java.lang.String,java.lang.String,java.lang.String,java.lang.String,java.lang.String,java.lang.String)[pri:1, instance:api.test.DDTests@738dc9b]" started-at="2023-06-07T22:52:13 ALMT" name="testPostUser" data-provider="Data" finished-at="2023-06-07T22:52:14 ALMT" duration-ms="989" status="PASS">
          <params>
            <param index="0">
              <value>
                <![CDATA[1010]]>
              </value>
            </param>
            <param index="1">
              <value>
                <![CDATA[testuser1]]>
              </value>
            </param>
            <param index="2">
              <value>
                <![CDATA[Dastan]]>
              </value>
            </param>
            <param index="3">
              <value>
                <![CDATA[Ronaldo]]>
              </value>
            </param>
            <param index="4">
              <value>
                <![CDATA[a@gmail.com]]>
              </value>
            </param>
            <param index="5">
              <value>
                <![CDATA[test@1]]>
              </value>
            </param>
            <param index="6">
              <value>
                <![CDATA[1234567897]]>
              </value>
            </param>
          </params>
          <reporter-output>
          </reporter-output>
        </test-method> <!-- testPostUser -->
        <test-method signature="testPostUser(java.lang.String,java.lang.String,java.lang.String,java.lang.String,java.lang.String,java.lang.String,java.lang.String)[pri:1, instance:api.test.DDTests@738dc9b]" started-at="2023-06-07T22:52:14 ALMT" name="testPostUser" data-provider="Data" finished-at="2023-06-07T22:52:15 ALMT" duration-ms="1001" status="PASS">
          <params>
            <param index="0">
              <value>
                <![CDATA[1020]]>
              </value>
            </param>
            <param index="1">
              <value>
                <![CDATA[testuser2]]>
              </value>
            </param>
            <param index="2">
              <value>
                <![CDATA[Aygerim]]>
              </value>
            </param>
            <param index="3">
              <value>
                <![CDATA[Khalifa]]>
              </value>
            </param>
            <param index="4">
              <value>
                <![CDATA[b@gmail.com]]>
              </value>
            </param>
            <param index="5">
              <value>
                <![CDATA[test@2]]>
              </value>
            </param>
            <param index="6">
              <value>
                <![CDATA[1234213567]]>
              </value>
            </param>
          </params>
          <reporter-output>
          </reporter-output>
        </test-method> <!-- testPostUser -->
        <test-method signature="testPostUser(java.lang.String,java.lang.String,java.lang.String,java.lang.String,java.lang.String,java.lang.String,java.lang.String)[pri:1, instance:api.test.DDTests@738dc9b]" started-at="2023-06-07T22:52:15 ALMT" name="testPostUser" data-provider="Data" finished-at="2023-06-07T22:52:16 ALMT" duration-ms="974" status="PASS">
          <params>
            <param index="0">
              <value>
                <![CDATA[1030]]>
              </value>
            </param>
            <param index="1">
              <value>
                <![CDATA[testuser3]]>
              </value>
            </param>
            <param index="2">
              <value>
                <![CDATA[Perizat]]>
              </value>
            </param>
            <param index="3">
              <value>
                <![CDATA[Rosemary]]>
              </value>
            </param>
            <param index="4">
              <value>
                <![CDATA[c@gmail.com]]>
              </value>
            </param>
            <param index="5">
              <value>
                <![CDATA[test@3]]>
              </value>
            </param>
            <param index="6">
              <value>
                <![CDATA[1234213567]]>
              </value>
            </param>
          </params>
          <reporter-output>
          </reporter-output>
        </test-method> <!-- testPostUser -->
        <test-method signature="testGetUser(java.lang.String)[pri:2, instance:api.test.DDTests@738dc9b]" started-at="2023-06-07T22:52:16 ALMT" name="testGetUser" data-provider="UserNames" finished-at="2023-06-07T22:52:17 ALMT" duration-ms="1260" status="PASS">
          <params>
            <param index="0">
              <value>
                <![CDATA[testuser1]]>
              </value>
            </param>
          </params>
          <reporter-output>
          </reporter-output>
        </test-method> <!-- testGetUser -->
        <test-method signature="testGetUser(java.lang.String)[pri:2, instance:api.test.DDTests@738dc9b]" started-at="2023-06-07T22:52:17 ALMT" name="testGetUser" data-provider="UserNames" finished-at="2023-06-07T22:52:18 ALMT" duration-ms="981" status="PASS">
          <params>
            <param index="0">
              <value>
                <![CDATA[testuser2]]>
              </value>
            </param>
          </params>
          <reporter-output>
          </reporter-output>
        </test-method> <!-- testGetUser -->
        <test-method signature="testGetUser(java.lang.String)[pri:2, instance:api.test.DDTests@738dc9b]" started-at="2023-06-07T22:52:18 ALMT" name="testGetUser" data-provider="UserNames" finished-at="2023-06-07T22:52:19 ALMT" duration-ms="951" status="PASS">
          <params>
            <param index="0">
              <value>
                <![CDATA[testuser3]]>
              </value>
            </param>
          </params>
          <reporter-output>
          </reporter-output>
        </test-method> <!-- testGetUser -->
        <test-method signature="testDeleteUserByUsername(java.lang.String)[pri:3, instance:api.test.DDTests@738dc9b]" started-at="2023-06-07T22:52:19 ALMT" name="testDeleteUserByUsername" data-provider="UserNames" finished-at="2023-06-07T22:52:20 ALMT" duration-ms="1006" status="PASS">
          <params>
            <param index="0">
              <value>
                <![CDATA[testuser1]]>
              </value>
            </param>
          </params>
          <reporter-output>
          </reporter-output>
        </test-method> <!-- testDeleteUserByUsername -->
        <test-method signature="testDeleteUserByUsername(java.lang.String)[pri:3, instance:api.test.DDTests@738dc9b]" started-at="2023-06-07T22:52:20 ALMT" name="testDeleteUserByUsername" data-provider="UserNames" finished-at="2023-06-07T22:52:21 ALMT" duration-ms="972" status="PASS">
          <params>
            <param index="0">
              <value>
                <![CDATA[testuser2]]>
              </value>
            </param>
          </params>
          <reporter-output>
          </reporter-output>
        </test-method> <!-- testDeleteUserByUsername -->
        <test-method signature="testDeleteUserByUsername(java.lang.String)[pri:3, instance:api.test.DDTests@738dc9b]" started-at="2023-06-07T22:52:21 ALMT" name="testDeleteUserByUsername" data-provider="UserNames" finished-at="2023-06-07T22:52:22 ALMT" duration-ms="978" status="PASS">
          <params>
            <param index="0">
              <value>
                <![CDATA[testuser3]]>
              </value>
            </param>
          </params>
          <reporter-output>
          </reporter-output>
        </test-method> <!-- testDeleteUserByUsername -->
      </class> <!-- api.test.DDTests -->
    </test> <!-- PetTests -->
  </suite> <!-- PetSuite -->
</testng-results>
