<?xml version="1.0" encoding="UTF-8"?>
<!-- Generated by org.testng.reporters.JUnitXMLReporter -->
<testsuite ignored="0" hostname="WINDOWS-L7JB7IP" failures="0" tests="13" name="PetTests" time="21.728" errors="0" timestamp="2023-06-07T22:52:23 ALMT">
  <testcase classname="api.test.UserTests2" name="testPostUser" time="4.465"/>
  <testcase classname="api.test.UserTests2" name="testGetUserByName" time="1.147"/>
  <testcase classname="api.test.UserTests2" name="testUpdateUserByName" time="2.061"/>
  <testcase classname="api.test.UserTests2" name="testDeleteUserByName" time="1.012"/>
  <testcase classname="api.test.DDTests" name="testPostUser" time="0.989"/>
  <testcase classname="api.test.DDTests" name="testPostUser" time="1.001"/>
  <testcase classname="api.test.DDTests" name="testPostUser" time="0.974"/>
  <testcase classname="api.test.DDTests" name="testGetUser" time="1.26"/>
  <testcase classname="api.test.DDTests" name="testGetUser" time="0.981"/>
  <testcase classname="api.test.DDTests" name="testGetUser" time="0.951"/>
  <testcase classname="api.test.DDTests" name="testDeleteUserByUsername" time="1.006"/>
  <testcase classname="api.test.DDTests" name="testDeleteUserByUsername" time="0.972"/>
  <testcase classname="api.test.DDTests" name="testDeleteUserByUsername" time="0.978"/>
</testsuite> <!-- PetTests -->
